Using pre-set license
Built from '2020.3/staging' branch; Version is '2020.3.25f1 (9b9180224418) revision 10195328'; Using compiler version '192528614'; Build Type 'Release'
OS: 'Windows 10  (10.0.19044) 64bit Core' Language: 'ko' Physical Memory: 16303 MB
BatchMode: 1, IsHumanControllingUs: 0, StartBugReporterOnCrash: 0, Is64bit: 1, IsPro: 0

COMMAND LINE ARGUMENTS:
D:\Unity\Editor\Unity.exe
-adb2
-batchMode
-noUpm
-name
AssetImportWorker0
-projectPath
D:/Unity/nsih_StreamerGame/StreamerGame/nsih_Donation
-logFile
Logs/AssetImportWorker0.log
-srvPort
61985
Successfully changed project path to: D:/Unity/nsih_StreamerGame/StreamerGame/nsih_Donation
D:/Unity/nsih_StreamerGame/StreamerGame/nsih_Donation
Using Asset Import Pipeline V2.
Refreshing native plugins compatible for Editor in 47.54 ms, found 3 plugins.
Preloading 0 native plugins for Editor in 0.00 ms.
Initialize engine version: 2020.3.25f1 (9b9180224418)
[Subsystems] Discovering subsystems at path D:/Unity/Editor/Data/Resources/UnitySubsystems
[Subsystems] Discovering subsystems at path D:/Unity/nsih_StreamerGame/StreamerGame/nsih_Donation/Assets
GfxDevice: creating device client; threaded=0
Direct3D:
    Version:  Direct3D 11.0 [level 11.1]
    Renderer: NVIDIA GeForce RTX 3060 Ti (ID=0x2486)
    Vendor:   
    VRAM:     8050 MB
    Driver:   31.0.15.1694
Initialize mono
Mono path[0] = 'D:/Unity/Editor/Data/Managed'
Mono path[1] = 'D:/Unity/Editor/Data/MonoBleedingEdge/lib/mono/unityjit'
Mono config path = 'D:/Unity/Editor/Data/MonoBleedingEdge/etc'
Using monoOptions --debugger-agent=transport=dt_socket,embedding=1,server=y,suspend=n,address=127.0.0.1:56452
Begin MonoManager ReloadAssembly
Registering precompiled unity dll's ...
Register platform support module: D:/Unity/Editor/Data/PlaybackEngines/WindowsStandaloneSupport/UnityEditor.WindowsStandalone.Extensions.dll
Registered in 0.001157 seconds.
Native extension for WindowsStandalone target not found
Refreshing native plugins compatible for Editor in 48.84 ms, found 3 plugins.
Preloading 0 native plugins for Editor in 0.00 ms.
Mono: successfully reloaded assembly
- Completed reload, in  0.582 seconds
Domain Reload Profiling:
	ReloadAssembly (583ms)
		BeginReloadAssembly (58ms)
			ExecutionOrderSort (0ms)
			DisableScriptedObjects (0ms)
			BackupInstance (0ms)
			ReleaseScriptingObjects (0ms)
			CreateAndSetChildDomain (1ms)
		EndReloadAssembly (462ms)
			LoadAssemblies (57ms)
			RebuildTransferFunctionScriptingTraits (0ms)
			SetupTypeCache (144ms)
			ReleaseScriptCaches (0ms)
			RebuildScriptCaches (36ms)
			SetupLoadedEditorAssemblies (180ms)
				LogAssemblyErrors (0ms)
				InitializePlatformSupportModulesInManaged (4ms)
				SetLoadedEditorAssemblies (0ms)
				RefreshPlugins (49ms)
				BeforeProcessingInitializeOnLoad (17ms)
				ProcessInitializeOnLoadAttributes (79ms)
				ProcessInitializeOnLoadMethodAttributes (30ms)
				AfterProcessingInitializeOnLoad (0ms)
				EditorAssembliesLoaded (0ms)
			ExecutionOrderSort2 (0ms)
			AwakeInstancesAfterBackupRestoration (0ms)
Platform modules already initialized, skipping
Registering precompiled user dll's ...
Registered in 0.003441 seconds.
Begin MonoManager ReloadAssembly
Native extension for WindowsStandalone target not found
Refreshing native plugins compatible for Editor in 49.18 ms, found 3 plugins.
Preloading 0 native plugins for Editor in 0.00 ms.
Mono: successfully reloaded assembly
- Completed reload, in  1.095 seconds
Domain Reload Profiling:
	ReloadAssembly (1096ms)
		BeginReloadAssembly (150ms)
			ExecutionOrderSort (0ms)
			DisableScriptedObjects (4ms)
			BackupInstance (0ms)
			ReleaseScriptingObjects (0ms)
			CreateAndSetChildDomain (18ms)
		EndReloadAssembly (884ms)
			LoadAssemblies (100ms)
			RebuildTransferFunctionScriptingTraits (0ms)
			SetupTypeCache (287ms)
			ReleaseScriptCaches (0ms)
			RebuildScriptCaches (48ms)
			SetupLoadedEditorAssemblies (340ms)
				LogAssemblyErrors (0ms)
				InitializePlatformSupportModulesInManaged (3ms)
				SetLoadedEditorAssemblies (0ms)
				RefreshPlugins (49ms)
				BeforeProcessingInitializeOnLoad (76ms)
				ProcessInitializeOnLoadAttributes (192ms)
				ProcessInitializeOnLoadMethodAttributes (16ms)
				AfterProcessingInitializeOnLoad (2ms)
				EditorAssembliesLoaded (0ms)
			ExecutionOrderSort2 (0ms)
			AwakeInstancesAfterBackupRestoration (6ms)
Platform modules already initialized, skipping
========================================================================
Worker process is ready to serve import requests
Launched and connected shader compiler UnityShaderCompiler.exe after 0.04 seconds
Refreshing native plugins compatible for Editor in 0.47 ms, found 3 plugins.
Preloading 0 native plugins for Editor in 0.00 ms.
Unloading 2295 Unused Serialized files (Serialized files now loaded: 0)
System memory in use before: 101.0 MB.
System memory in use after: 101.2 MB.

Unloading 25 unused Assets to reduce memory usage. Loaded Objects now: 2735.
Total: 3.278200 ms (FindLiveObjects: 0.209100 ms CreateObjectMapping: 0.134300 ms MarkObjects: 2.860600 ms  DeleteObjects: 0.072700 ms)

AssetImportParameters requested are different than current active one (requested -> active):
  custom:framework-win-MediaFoundation: 216162199b28c13a410421893ffa2e32 -> 
  custom:video-decoder-ogg-theora: a1e56fd34408186e4bbccfd4996cb3dc -> 
  custom:container-muxer-webm: aa71ff27fc2769a1b78a27578f13a17b -> 
  custom:container-demuxer-webm: 4f35f7cbe854078d1ac9338744f61a02 -> 
  custom:container-demuxer-ogg: 62fdf1f143b41e24485cea50d1cbac27 -> 
  custom:video-encoder-webm-vp8: eb34c28f22e8b96e1ab97ce403110664 -> 
  custom:video-decoder-webm-vp8: 9c59270c3fd7afecdb556c50c9e8de78 -> 
  custom:audio-decoder-ogg-vorbis: bf7c407c2cedff20999df2af8eb42d56 -> 
  custom:audio-encoder-webm-vorbis: bf7c407c2cedff20999df2af8eb42d56 -> 
========================================================================
Received Prepare
Registering precompiled user dll's ...
Registered in 0.003091 seconds.
Begin MonoManager ReloadAssembly
Native extension for WindowsStandalone target not found
Refreshing native plugins compatible for Editor in 0.51 ms, found 3 plugins.
Preloading 0 native plugins for Editor in 0.00 ms.
Mono: successfully reloaded assembly
- Completed reload, in  0.986 seconds
Domain Reload Profiling:
	ReloadAssembly (987ms)
		BeginReloadAssembly (128ms)
			ExecutionOrderSort (0ms)
			DisableScriptedObjects (6ms)
			BackupInstance (0ms)
			ReleaseScriptingObjects (0ms)
			CreateAndSetChildDomain (34ms)
		EndReloadAssembly (801ms)
			LoadAssemblies (101ms)
			RebuildTransferFunctionScriptingTraits (0ms)
			SetupTypeCache (285ms)
			ReleaseScriptCaches (1ms)
			RebuildScriptCaches (46ms)
			SetupLoadedEditorAssemblies (278ms)
				LogAssemblyErrors (0ms)
				InitializePlatformSupportModulesInManaged (4ms)
				SetLoadedEditorAssemblies (0ms)
				RefreshPlugins (1ms)
				BeforeProcessingInitializeOnLoad (75ms)
				ProcessInitializeOnLoadAttributes (184ms)
				ProcessInitializeOnLoadMethodAttributes (11ms)
				AfterProcessingInitializeOnLoad (2ms)
				EditorAssembliesLoaded (0ms)
			ExecutionOrderSort2 (0ms)
			AwakeInstancesAfterBackupRestoration (8ms)
Platform modules already initialized, skipping
Refreshing native plugins compatible for Editor in 1.11 ms, found 3 plugins.
Preloading 0 native plugins for Editor in 0.00 ms.
Unloading 2271 Unused Serialized files (Serialized files now loaded: 0)
System memory in use before: 99.1 MB.
System memory in use after: 99.3 MB.

Unloading 14 unused Assets to reduce memory usage. Loaded Objects now: 2738.
Total: 3.580900 ms (FindLiveObjects: 0.293500 ms CreateObjectMapping: 0.165100 ms MarkObjects: 3.101900 ms  DeleteObjects: 0.018900 ms)

AssetImportParameters requested are different than current active one (requested -> active):
  custom:framework-win-MediaFoundation: 216162199b28c13a410421893ffa2e32 -> 
  custom:video-decoder-ogg-theora: a1e56fd34408186e4bbccfd4996cb3dc -> 
  custom:container-muxer-webm: aa71ff27fc2769a1b78a27578f13a17b -> 
  custom:container-demuxer-webm: 4f35f7cbe854078d1ac9338744f61a02 -> 
  custom:container-demuxer-ogg: 62fdf1f143b41e24485cea50d1cbac27 -> 
  custom:video-encoder-webm-vp8: eb34c28f22e8b96e1ab97ce403110664 -> 
  custom:video-decoder-webm-vp8: 9c59270c3fd7afecdb556c50c9e8de78 -> 
  custom:audio-decoder-ogg-vorbis: bf7c407c2cedff20999df2af8eb42d56 -> 
  custom:audio-encoder-webm-vorbis: bf7c407c2cedff20999df2af8eb42d56 -> 
========================================================================
Received Import Request.
  path: Assets/Jun/BigGuns_Bullet.png
  artifactKey: Guid(3d3e0c49b94760442852edaacfd84744) Importer(815301076,1909f56bfc062723c751e8b465ee728b)
Start importing Assets/Jun/BigGuns_Bullet.png using Guid(3d3e0c49b94760442852edaacfd84744) Importer(815301076,1909f56bfc062723c751e8b465ee728b)  -> (artifact id: '6a6c00ef41e8e8001e799ad691e36a2c') in 0.139305 seconds 
  Import took 0.142822 seconds .

========================================================================
Received Import Request.
  Time since last request: 0.000206 seconds.
  path: Assets/Jun/Heavy_Bullet.prefab
  artifactKey: Guid(2b97eaaf3716648478019c54db6a67d4) Importer(815301076,1909f56bfc062723c751e8b465ee728b)
Start importing Assets/Jun/Heavy_Bullet.prefab using Guid(2b97eaaf3716648478019c54db6a67d4) Importer(815301076,1909f56bfc062723c751e8b465ee728b)  -> (artifact id: '08c5ef836a59f001e40200bc5a6ea3aa') in 0.014333 seconds 
  Import took 0.018054 seconds .

========================================================================
Received Import Request.
  Time since last request: 0.000235 seconds.
  path: Assets/Jun/Enemy_Ranged.png
  artifactKey: Guid(3d9a37501e7e67e4fa8085dea9317e1a) Importer(815301076,1909f56bfc062723c751e8b465ee728b)
Start importing Assets/Jun/Enemy_Ranged.png using Guid(3d9a37501e7e67e4fa8085dea9317e1a) Importer(815301076,1909f56bfc062723c751e8b465ee728b)  -> (artifact id: 'b50e507ad962756dc04f0dd57f080875') in 0.024258 seconds 
  Import took 0.027758 seconds .

========================================================================
Received Import Request.
  Time since last request: 0.000211 seconds.
  path: Assets/Jun/Mob.png
  artifactKey: Guid(2e9b490edec906243b5428fd0333e724) Importer(815301076,1909f56bfc062723c751e8b465ee728b)
Start importing Assets/Jun/Mob.png using Guid(2e9b490edec906243b5428fd0333e724) Importer(815301076,1909f56bfc062723c751e8b465ee728b)  -> (artifact id: '12e56e26a626f3abc5f8043596d8f0ca') in 0.026485 seconds 
  Import took 0.029737 seconds .

========================================================================
Received Import Request.
  Time since last request: 0.000180 seconds.
  path: Assets/Jun/Enemy_Berserker.png
  artifactKey: Guid(fe18019b217121649bf3d15d083e3c60) Importer(815301076,1909f56bfc062723c751e8b465ee728b)
Start importing Assets/Jun/Enemy_Berserker.png using Guid(fe18019b217121649bf3d15d083e3c60) Importer(815301076,1909f56bfc062723c751e8b465ee728b)  -> (artifact id: 'a146f555a3720cb421d992826542c79a') in 0.024705 seconds 
  Import took 0.027981 seconds .

========================================================================
Received Import Request.
  Time since last request: 1.102352 seconds.
  path: Assets/Res IMG/5654.png
  artifactKey: Guid(cd6c9e20135d75a45a9504908f21de1f) Importer(815301076,1909f56bfc062723c751e8b465ee728b)
Start importing Assets/Res IMG/5654.png using Guid(cd6c9e20135d75a45a9504908f21de1f) Importer(815301076,1909f56bfc062723c751e8b465ee728b)  -> (artifact id: 'fb63189977da05e9dc0682caa5fb1d52') in 0.022375 seconds 
  Import took 0.025828 seconds .

========================================================================
Received Import Request.
  Time since last request: 0.000174 seconds.
  path: Assets/Res IMG/Daco_4283693.png
  artifactKey: Guid(085a42b921fd23045850ed73b7db4824) Importer(815301076,1909f56bfc062723c751e8b465ee728b)
Start importing Assets/Res IMG/Daco_4283693.png using Guid(085a42b921fd23045850ed73b7db4824) Importer(815301076,1909f56bfc062723c751e8b465ee728b)  -> (artifact id: '9970da9d5ed2107169693d0d797bc6a2') in 0.030085 seconds 
  Import took 0.033367 seconds .

========================================================================
Received Import Request.
  Time since last request: 0.000177 seconds.
  path: Assets/Res IMG/일러스트 1.png
  artifactKey: Guid(ea79aa031bfe42a4581a023776ccdfe5) Importer(815301076,1909f56bfc062723c751e8b465ee728b)
Start importing Assets/Res IMG/일러스트 1.png using Guid(ea79aa031bfe42a4581a023776ccdfe5) Importer(815301076,1909f56bfc062723c751e8b465ee728b)  -> (artifact id: '965992dd6f3af7241e490da685278cb2') in 0.013872 seconds 
  Import took 0.017433 seconds .

========================================================================
Received Import Request.
  Time since last request: 0.000203 seconds.
  path: Assets/Res IMG/BG.png
  artifactKey: Guid(cacfc1a6f22df7c4b9b84d52870f4eb1) Importer(815301076,1909f56bfc062723c751e8b465ee728b)
Start importing Assets/Res IMG/BG.png using Guid(cacfc1a6f22df7c4b9b84d52870f4eb1) Importer(815301076,1909f56bfc062723c751e8b465ee728b)  -> (artifact id: '6c874028c7b69d35c3b5b75378e17cb1') in 0.013969 seconds 
  Import took 0.017701 seconds .

========================================================================
Received Import Request.
  Time since last request: 0.000211 seconds.
  path: Assets/Res IMG/stand0.png
  artifactKey: Guid(a8f6826220a34ad48b5de164fbfabdd7) Importer(815301076,1909f56bfc062723c751e8b465ee728b)
Start importing Assets/Res IMG/stand0.png using Guid(a8f6826220a34ad48b5de164fbfabdd7) Importer(815301076,1909f56bfc062723c751e8b465ee728b)  -> (artifact id: 'bca0a5da15324d70257dbaa0d23c4d67') in 0.025546 seconds 
  Import took 0.029106 seconds .

========================================================================
Received Import Request.
  Time since last request: 0.000194 seconds.
  path: Assets/Res IMG/White.png
  artifactKey: Guid(def9708d57cef1141806429a366a6eaa) Importer(815301076,1909f56bfc062723c751e8b465ee728b)
Start importing Assets/Res IMG/White.png using Guid(def9708d57cef1141806429a366a6eaa) Importer(815301076,1909f56bfc062723c751e8b465ee728b)  -> (artifact id: '5daa028c16e319667f4149375b0e3fb7') in 0.013372 seconds 
  Import took 0.016757 seconds .

========================================================================
Received Import Request.
  Time since last request: 0.000209 seconds.
  path: Assets/Res IMG/Monster.jpg
  artifactKey: Guid(29396e72bfc91ef42abed13d9ed56d79) Importer(815301076,1909f56bfc062723c751e8b465ee728b)
Start importing Assets/Res IMG/Monster.jpg using Guid(29396e72bfc91ef42abed13d9ed56d79) Importer(815301076,1909f56bfc062723c751e8b465ee728b)  -> (artifact id: 'a5ad12f7138538203f50413220e870a6') in 0.015808 seconds 
  Import took 0.019630 seconds .

========================================================================
Received Import Request.
  Time since last request: 0.000204 seconds.
  path: Assets/Res IMG/일러스트.png
  artifactKey: Guid(7c587bbeb8fb1f14ba8f933a09c42a2a) Importer(815301076,1909f56bfc062723c751e8b465ee728b)
Start importing Assets/Res IMG/일러스트.png using Guid(7c587bbeb8fb1f14ba8f933a09c42a2a) Importer(815301076,1909f56bfc062723c751e8b465ee728b)  -> (artifact id: '049cd5b6af4b3c6a456db2e822a9d303') in 0.012360 seconds 
  Import took 0.016116 seconds .

========================================================================
Received Import Request.
  Time since last request: 0.000205 seconds.
  path: Assets/Res IMG/Health.png
  artifactKey: Guid(7676e9fb467fd0a4cb2a8297a2c12a18) Importer(815301076,1909f56bfc062723c751e8b465ee728b)
Start importing Assets/Res IMG/Health.png using Guid(7676e9fb467fd0a4cb2a8297a2c12a18) Importer(815301076,1909f56bfc062723c751e8b465ee728b)  -> (artifact id: '1b341fa8512fb4ff1805f83bb7c66b60') in 0.012948 seconds 
  Import took 0.016979 seconds .

========================================================================
Received Import Request.
  Time since last request: 0.000184 seconds.
  path: Assets/Res IMG/RedBull.png
  artifactKey: Guid(cfaa298b31cdb0546aa6c1401ffb435b) Importer(815301076,1909f56bfc062723c751e8b465ee728b)
Start importing Assets/Res IMG/RedBull.png using Guid(cfaa298b31cdb0546aa6c1401ffb435b) Importer(815301076,1909f56bfc062723c751e8b465ee728b)  -> (artifact id: '1bdad025027dea38508a1b609dbf9513') in 0.015145 seconds 
  Import took 0.018723 seconds .

========================================================================
Received Import Request.
  Time since last request: 3.302890 seconds.
  path: Assets/Resources/Bullet.prefab
  artifactKey: Guid(3a73d51f538047a4b968bb2ebffefc49) Importer(815301076,1909f56bfc062723c751e8b465ee728b)
Start importing Assets/Resources/Bullet.prefab using Guid(3a73d51f538047a4b968bb2ebffefc49) Importer(815301076,1909f56bfc062723c751e8b465ee728b)  -> (artifact id: '2d2b05bbca9937434fd287297cc7c613') in 0.024004 seconds 
  Import took 0.027957 seconds .

========================================================================
Received Import Request.
  Time since last request: 0.000227 seconds.
  path: Assets/Resources/Mob_Berserker.prefab
  artifactKey: Guid(2e223d1c1957512469853af7b930d517) Importer(815301076,1909f56bfc062723c751e8b465ee728b)
Start importing Assets/Resources/Mob_Berserker.prefab using Guid(2e223d1c1957512469853af7b930d517) Importer(815301076,1909f56bfc062723c751e8b465ee728b)  -> (artifact id: 'ec486d261d9a0ce76bb46a310130b739') in 0.016821 seconds 
  Import took 0.020195 seconds .

========================================================================
Received Import Request.
  Time since last request: 0.000188 seconds.
  path: Assets/Resources/White.prefab
  artifactKey: Guid(b7e7302f0b2d7f243b7be0df9a24a063) Importer(815301076,1909f56bfc062723c751e8b465ee728b)
Start importing Assets/Resources/White.prefab using Guid(b7e7302f0b2d7f243b7be0df9a24a063) Importer(815301076,1909f56bfc062723c751e8b465ee728b)  -> (artifact id: 'd4780e345b35480b861a5da4074953da') in 0.011796 seconds 
  Import took 0.015226 seconds .

========================================================================
Received Import Request.
  Time since last request: 0.000186 seconds.
  path: Assets/Resources/Mob_Ranged.prefab
  artifactKey: Guid(01aa3706e87e8db4ba75ce7d191de346) Importer(815301076,1909f56bfc062723c751e8b465ee728b)
Start importing Assets/Resources/Mob_Ranged.prefab using Guid(01aa3706e87e8db4ba75ce7d191de346) Importer(815301076,1909f56bfc062723c751e8b465ee728b)  -> (artifact id: '0e4dcbf4e572a9efb61100aae333c844') in 0.013908 seconds 
  Import took 0.017402 seconds .

========================================================================
Received Import Request.
  Time since last request: 0.000176 seconds.
  path: Assets/Resources/Mob.prefab
  artifactKey: Guid(5739149eb1ed99642a4632951aab706f) Importer(815301076,1909f56bfc062723c751e8b465ee728b)
Start importing Assets/Resources/Mob.prefab using Guid(5739149eb1ed99642a4632951aab706f) Importer(815301076,1909f56bfc062723c751e8b465ee728b)  -> (artifact id: 'cb28fc17b0ae755234fccfff0716b1d6') in 0.013221 seconds 
  Import took 0.016575 seconds .

========================================================================
Received Import Request.
  Time since last request: 98.168702 seconds.
  path: Assets/Resources/Bullet.prefab
  artifactKey: Guid(3a73d51f538047a4b968bb2ebffefc49) Importer(815301076,1909f56bfc062723c751e8b465ee728b)
Start importing Assets/Resources/Bullet.prefab using Guid(3a73d51f538047a4b968bb2ebffefc49) Importer(815301076,1909f56bfc062723c751e8b465ee728b)  -> (artifact id: '21d05df426cdf8695834652843c10c09') in 0.010136 seconds 
  Import took 0.014225 seconds .

========================================================================
Received Import Request.
  Time since last request: 32.989045 seconds.
  path: Assets/Script/CutScene
  artifactKey: Guid(b4575fab28df66c4eb4eeb80cad78fa2) Importer(815301076,1909f56bfc062723c751e8b465ee728b)
Start importing Assets/Script/CutScene using Guid(b4575fab28df66c4eb4eeb80cad78fa2) Importer(815301076,1909f56bfc062723c751e8b465ee728b)  -> (artifact id: '4f75c713874cb1602c6c60b110b02925') in 0.005568 seconds 
  Import took 0.009046 seconds .

========================================================================
Received Import Request.
  Time since last request: 0.714177 seconds.
  path: Assets/Script/Battle
  artifactKey: Guid(d63b1182d37439d46be1740d6ecffa5b) Importer(815301076,1909f56bfc062723c751e8b465ee728b)
Start importing Assets/Script/Battle using Guid(d63b1182d37439d46be1740d6ecffa5b) Importer(815301076,1909f56bfc062723c751e8b465ee728b)  -> (artifact id: '9ddfa03ff39e0d1ccd26b67f4ee25345') in 0.006691 seconds 
  Import took 0.010226 seconds .

========================================================================
Received Import Request.
  Time since last request: 18.331554 seconds.
  path: Assets/Script/Battle/Bullet1.cs
  artifactKey: Guid(709d210cdcff61345ab6f3b8f16a1be7) Importer(815301076,1909f56bfc062723c751e8b465ee728b)
Start importing Assets/Script/Battle/Bullet1.cs using Guid(709d210cdcff61345ab6f3b8f16a1be7) Importer(815301076,1909f56bfc062723c751e8b465ee728b)  -> (artifact id: 'f71e869a9ab772e5873f72a5c1519b04') in 0.009740 seconds 
  Import took 0.013298 seconds .

========================================================================
Received Prepare
Registering precompiled user dll's ...
Registered in 0.002787 seconds.
Begin MonoManager ReloadAssembly
Native extension for WindowsStandalone target not found
Refreshing native plugins compatible for Editor in 0.49 ms, found 3 plugins.
Preloading 0 native plugins for Editor in 0.00 ms.
Mono: successfully reloaded assembly
- Completed reload, in  0.916 seconds
Domain Reload Profiling:
	ReloadAssembly (916ms)
		BeginReloadAssembly (109ms)
			ExecutionOrderSort (0ms)
			DisableScriptedObjects (6ms)
			BackupInstance (0ms)
			ReleaseScriptingObjects (0ms)
			CreateAndSetChildDomain (32ms)
		EndReloadAssembly (750ms)
			LoadAssemblies (95ms)
			RebuildTransferFunctionScriptingTraits (0ms)
			SetupTypeCache (267ms)
			ReleaseScriptCaches (1ms)
			RebuildScriptCaches (40ms)
			SetupLoadedEditorAssemblies (270ms)
				LogAssemblyErrors (0ms)
				InitializePlatformSupportModulesInManaged (4ms)
				SetLoadedEditorAssemblies (1ms)
				RefreshPlugins (1ms)
				BeforeProcessingInitializeOnLoad (72ms)
				ProcessInitializeOnLoadAttributes (180ms)
				ProcessInitializeOnLoadMethodAttributes (11ms)
				AfterProcessingInitializeOnLoad (2ms)
				EditorAssembliesLoaded (0ms)
			ExecutionOrderSort2 (0ms)
			AwakeInstancesAfterBackupRestoration (8ms)
Platform modules already initialized, skipping
Refreshing native plugins compatible for Editor in 0.51 ms, found 3 plugins.
Preloading 0 native plugins for Editor in 0.00 ms.
Unloading 2271 Unused Serialized files (Serialized files now loaded: 0)
System memory in use before: 102.3 MB.
System memory in use after: 102.5 MB.

Unloading 14 unused Assets to reduce memory usage. Loaded Objects now: 2771.
Total: 2.682600 ms (FindLiveObjects: 0.198600 ms CreateObjectMapping: 0.120000 ms MarkObjects: 2.347100 ms  DeleteObjects: 0.015900 ms)

AssetImportParameters requested are different than current active one (requested -> active):
  custom:framework-win-MediaFoundation: 216162199b28c13a410421893ffa2e32 -> 
  custom:video-decoder-ogg-theora: a1e56fd34408186e4bbccfd4996cb3dc -> 
  custom:container-muxer-webm: aa71ff27fc2769a1b78a27578f13a17b -> 
  custom:container-demuxer-webm: 4f35f7cbe854078d1ac9338744f61a02 -> 
  custom:container-demuxer-ogg: 62fdf1f143b41e24485cea50d1cbac27 -> 
  custom:video-encoder-webm-vp8: eb34c28f22e8b96e1ab97ce403110664 -> 
  custom:video-decoder-webm-vp8: 9c59270c3fd7afecdb556c50c9e8de78 -> 
  custom:audio-decoder-ogg-vorbis: bf7c407c2cedff20999df2af8eb42d56 -> 
  custom:audio-encoder-webm-vorbis: bf7c407c2cedff20999df2af8eb42d56 -> 
========================================================================
Received Prepare
Registering precompiled user dll's ...
Registered in 0.002790 seconds.
Begin MonoManager ReloadAssembly
Native extension for WindowsStandalone target not found
Refreshing native plugins compatible for Editor in 0.51 ms, found 3 plugins.
Preloading 0 native plugins for Editor in 0.00 ms.
Mono: successfully reloaded assembly
- Completed reload, in  0.943 seconds
Domain Reload Profiling:
	ReloadAssembly (944ms)
		BeginReloadAssembly (118ms)
			ExecutionOrderSort (0ms)
			DisableScriptedObjects (6ms)
			BackupInstance (0ms)
			ReleaseScriptingObjects (0ms)
			CreateAndSetChildDomain (30ms)
		EndReloadAssembly (771ms)
			LoadAssemblies (96ms)
			RebuildTransferFunctionScriptingTraits (0ms)
			SetupTypeCache (278ms)
			ReleaseScriptCaches (1ms)
			RebuildScriptCaches (39ms)
			SetupLoadedEditorAssemblies (276ms)
				LogAssemblyErrors (0ms)
				InitializePlatformSupportModulesInManaged (4ms)
				SetLoadedEditorAssemblies (0ms)
				RefreshPlugins (1ms)
				BeforeProcessingInitializeOnLoad (74ms)
				ProcessInitializeOnLoadAttributes (183ms)
				ProcessInitializeOnLoadMethodAttributes (12ms)
				AfterProcessingInitializeOnLoad (2ms)
				EditorAssembliesLoaded (0ms)
			ExecutionOrderSort2 (0ms)
			AwakeInstancesAfterBackupRestoration (9ms)
Platform modules already initialized, skipping
Script is not up to date after domain reload: guid(4d9d70a020cd5ad48b7db9360db5ae98) path("Assets/Script/Battle/Bullet.cs") state(2)
Refreshing native plugins compatible for Editor in 0.57 ms, found 3 plugins.
Preloading 0 native plugins for Editor in 0.00 ms.
Unloading 2270 Unused Serialized files (Serialized files now loaded: 0)
System memory in use before: 102.3 MB.
System memory in use after: 102.5 MB.

Unloading 15 unused Assets to reduce memory usage. Loaded Objects now: 2773.
Total: 7.798500 ms (FindLiveObjects: 0.239900 ms CreateObjectMapping: 0.140500 ms MarkObjects: 7.388000 ms  DeleteObjects: 0.028400 ms)

AssetImportParameters requested are different than current active one (requested -> active):
  custom:framework-win-MediaFoundation: 216162199b28c13a410421893ffa2e32 -> 
  custom:video-decoder-ogg-theora: a1e56fd34408186e4bbccfd4996cb3dc -> 
  custom:container-muxer-webm: aa71ff27fc2769a1b78a27578f13a17b -> 
  custom:container-demuxer-webm: 4f35f7cbe854078d1ac9338744f61a02 -> 
  custom:container-demuxer-ogg: 62fdf1f143b41e24485cea50d1cbac27 -> 
  custom:video-encoder-webm-vp8: eb34c28f22e8b96e1ab97ce403110664 -> 
  custom:video-decoder-webm-vp8: 9c59270c3fd7afecdb556c50c9e8de78 -> 
  custom:audio-decoder-ogg-vorbis: bf7c407c2cedff20999df2af8eb42d56 -> 
  custom:audio-encoder-webm-vorbis: bf7c407c2cedff20999df2af8eb42d56 -> 
========================================================================
Received Import Request.
  Time since last request: 20.412665 seconds.
  path: Assets/Script/Battle/PlayerCon.cs
  artifactKey: Guid(0f3c5d1e51532f94d849d435b059f45c) Importer(815301076,1909f56bfc062723c751e8b465ee728b)
Start importing Assets/Script/Battle/PlayerCon.cs using Guid(0f3c5d1e51532f94d849d435b059f45c) Importer(815301076,1909f56bfc062723c751e8b465ee728b)  -> (artifact id: '80a3240acb48e7b9023a79bdf4572bee') in 0.007927 seconds 
  Import took 0.011662 seconds .

========================================================================
Received Import Request.
  Time since last request: 258.845723 seconds.
  path: Assets/Script/Battle/PlayerCon.cs
  artifactKey: Guid(0f3c5d1e51532f94d849d435b059f45c) Importer(815301076,1909f56bfc062723c751e8b465ee728b)
Start importing Assets/Script/Battle/PlayerCon.cs using Guid(0f3c5d1e51532f94d849d435b059f45c) Importer(815301076,1909f56bfc062723c751e8b465ee728b)  -> (artifact id: '5dc9b4dfc91ed90f8b046d5fa61f6217') in 0.006184 seconds 
  Import took 0.010636 seconds .

========================================================================
Received Import Request.
  Time since last request: 8.111659 seconds.
  path: Assets/Script/Battle/PlayerCon.cs
  artifactKey: Guid(0f3c5d1e51532f94d849d435b059f45c) Importer(815301076,1909f56bfc062723c751e8b465ee728b)
Start importing Assets/Script/Battle/PlayerCon.cs using Guid(0f3c5d1e51532f94d849d435b059f45c) Importer(815301076,1909f56bfc062723c751e8b465ee728b)  -> (artifact id: '10b59e9d9ab932676af378766159b201') in 0.002189 seconds 
  Import took 0.005821 seconds .

========================================================================
Received Import Request.
  Time since last request: 22.568379 seconds.
  path: Assets/Script/Battle/PlayerCon.cs
  artifactKey: Guid(0f3c5d1e51532f94d849d435b059f45c) Importer(815301076,1909f56bfc062723c751e8b465ee728b)
Start importing Assets/Script/Battle/PlayerCon.cs using Guid(0f3c5d1e51532f94d849d435b059f45c) Importer(815301076,1909f56bfc062723c751e8b465ee728b)  -> (artifact id: 'c1066f33a3b2fa3a7ed9702b29c68d06') in 0.002557 seconds 
  Import took 0.006351 seconds .

========================================================================
Received Prepare
Registering precompiled user dll's ...
Registered in 0.003353 seconds.
Begin MonoManager ReloadAssembly
Native extension for WindowsStandalone target not found
Refreshing native plugins compatible for Editor in 0.59 ms, found 3 plugins.
Preloading 0 native plugins for Editor in 0.00 ms.
Mono: successfully reloaded assembly
- Completed reload, in  0.951 seconds
Domain Reload Profiling:
	ReloadAssembly (951ms)
		BeginReloadAssembly (122ms)
			ExecutionOrderSort (0ms)
			DisableScriptedObjects (6ms)
			BackupInstance (0ms)
			ReleaseScriptingObjects (0ms)
			CreateAndSetChildDomain (31ms)
		EndReloadAssembly (777ms)
			LoadAssemblies (105ms)
			RebuildTransferFunctionScriptingTraits (0ms)
			SetupTypeCache (272ms)
			ReleaseScriptCaches (1ms)
			RebuildScriptCaches (41ms)
			SetupLoadedEditorAssemblies (280ms)
				LogAssemblyErrors (0ms)
				InitializePlatformSupportModulesInManaged (4ms)
				SetLoadedEditorAssemblies (0ms)
				RefreshPlugins (1ms)
				BeforeProcessingInitializeOnLoad (76ms)
				ProcessInitializeOnLoadAttributes (185ms)
				ProcessInitializeOnLoadMethodAttributes (12ms)
				AfterProcessingInitializeOnLoad (2ms)
				EditorAssembliesLoaded (0ms)
			ExecutionOrderSort2 (0ms)
			AwakeInstancesAfterBackupRestoration (8ms)
Platform modules already initialized, skipping
Refreshing native plugins compatible for Editor in 0.48 ms, found 3 plugins.
Preloading 0 native plugins for Editor in 0.00 ms.
Unloading 2271 Unused Serialized files (Serialized files now loaded: 0)
System memory in use before: 102.3 MB.
System memory in use after: 102.5 MB.

Unloading 14 unused Assets to reduce memory usage. Loaded Objects now: 2777.
Total: 3.791400 ms (FindLiveObjects: 0.238400 ms CreateObjectMapping: 0.155000 ms MarkObjects: 3.375100 ms  DeleteObjects: 0.021600 ms)

AssetImportParameters requested are different than current active one (requested -> active):
  custom:framework-win-MediaFoundation: 216162199b28c13a410421893ffa2e32 -> 
  custom:video-decoder-ogg-theora: a1e56fd34408186e4bbccfd4996cb3dc -> 
  custom:container-muxer-webm: aa71ff27fc2769a1b78a27578f13a17b -> 
  custom:container-demuxer-webm: 4f35f7cbe854078d1ac9338744f61a02 -> 
  custom:container-demuxer-ogg: 62fdf1f143b41e24485cea50d1cbac27 -> 
  custom:video-encoder-webm-vp8: eb34c28f22e8b96e1ab97ce403110664 -> 
  custom:video-decoder-webm-vp8: 9c59270c3fd7afecdb556c50c9e8de78 -> 
  custom:audio-decoder-ogg-vorbis: bf7c407c2cedff20999df2af8eb42d56 -> 
  custom:audio-encoder-webm-vorbis: bf7c407c2cedff20999df2af8eb42d56 -> 
========================================================================
Received Import Request.
  Time since last request: 190.297299 seconds.
  path: Assets/Script/Battle/Enemy_Ranged.cs
  artifactKey: Guid(5e11277e57f116c4f95374a8f61ca9af) Importer(815301076,1909f56bfc062723c751e8b465ee728b)
Start importing Assets/Script/Battle/Enemy_Ranged.cs using Guid(5e11277e57f116c4f95374a8f61ca9af) Importer(815301076,1909f56bfc062723c751e8b465ee728b)  -> (artifact id: '8d087ab23a75bebc1808f1669d1af3b6') in 0.005825 seconds 
  Import took 0.009771 seconds .

========================================================================
Received Prepare
Registering precompiled user dll's ...
Registered in 0.003230 seconds.
Begin MonoManager ReloadAssembly
Native extension for WindowsStandalone target not found
Refreshing native plugins compatible for Editor in 0.60 ms, found 3 plugins.
Preloading 0 native plugins for Editor in 0.00 ms.
Mono: successfully reloaded assembly
- Completed reload, in  1.012 seconds
Domain Reload Profiling:
	ReloadAssembly (1013ms)
		BeginReloadAssembly (130ms)
			ExecutionOrderSort (0ms)
			DisableScriptedObjects (6ms)
			BackupInstance (0ms)
			ReleaseScriptingObjects (0ms)
			CreateAndSetChildDomain (32ms)
		EndReloadAssembly (830ms)
			LoadAssemblies (117ms)
			RebuildTransferFunctionScriptingTraits (0ms)
			SetupTypeCache (297ms)
			ReleaseScriptCaches (1ms)
			RebuildScriptCaches (43ms)
			SetupLoadedEditorAssemblies (289ms)
				LogAssemblyErrors (0ms)
				InitializePlatformSupportModulesInManaged (4ms)
				SetLoadedEditorAssemblies (0ms)
				RefreshPlugins (1ms)
				BeforeProcessingInitializeOnLoad (82ms)
				ProcessInitializeOnLoadAttributes (187ms)
				ProcessInitializeOnLoadMethodAttributes (12ms)
				AfterProcessingInitializeOnLoad (2ms)
				EditorAssembliesLoaded (0ms)
			ExecutionOrderSort2 (0ms)
			AwakeInstancesAfterBackupRestoration (8ms)
Platform modules already initialized, skipping
Refreshing native plugins compatible for Editor in 0.51 ms, found 3 plugins.
Preloading 0 native plugins for Editor in 0.00 ms.
Unloading 2270 Unused Serialized files (Serialized files now loaded: 0)
System memory in use before: 102.2 MB.
System memory in use after: 102.4 MB.

Unloading 15 unused Assets to reduce memory usage. Loaded Objects now: 2779.
Total: 2.733000 ms (FindLiveObjects: 0.206900 ms CreateObjectMapping: 0.126300 ms MarkObjects: 2.382100 ms  DeleteObjects: 0.016700 ms)

AssetImportParameters requested are different than current active one (requested -> active):
  custom:framework-win-MediaFoundation: 216162199b28c13a410421893ffa2e32 -> 
  custom:video-decoder-ogg-theora: a1e56fd34408186e4bbccfd4996cb3dc -> 
  custom:container-muxer-webm: aa71ff27fc2769a1b78a27578f13a17b -> 
  custom:container-demuxer-webm: 4f35f7cbe854078d1ac9338744f61a02 -> 
  custom:container-demuxer-ogg: 62fdf1f143b41e24485cea50d1cbac27 -> 
  custom:video-encoder-webm-vp8: eb34c28f22e8b96e1ab97ce403110664 -> 
  custom:video-decoder-webm-vp8: 9c59270c3fd7afecdb556c50c9e8de78 -> 
  custom:audio-decoder-ogg-vorbis: bf7c407c2cedff20999df2af8eb42d56 -> 
  custom:audio-encoder-webm-vorbis: bf7c407c2cedff20999df2af8eb42d56 -> 
========================================================================
Received Prepare
Registering precompiled user dll's ...
Registered in 0.003162 seconds.
Begin MonoManager ReloadAssembly
Native extension for WindowsStandalone target not found
Refreshing native plugins compatible for Editor in 0.60 ms, found 3 plugins.
Preloading 0 native plugins for Editor in 0.00 ms.
Mono: successfully reloaded assembly
- Completed reload, in  0.951 seconds
Domain Reload Profiling:
	ReloadAssembly (951ms)
		BeginReloadAssembly (130ms)
			ExecutionOrderSort (0ms)
			DisableScriptedObjects (6ms)
			BackupInstance (0ms)
			ReleaseScriptingObjects (0ms)
			CreateAndSetChildDomain (29ms)
		EndReloadAssembly (770ms)
			LoadAssemblies (123ms)
			RebuildTransferFunctionScriptingTraits (0ms)
			SetupTypeCache (269ms)
			ReleaseScriptCaches (1ms)
			RebuildScriptCaches (40ms)
			SetupLoadedEditorAssemblies (281ms)
				LogAssemblyErrors (0ms)
				InitializePlatformSupportModulesInManaged (4ms)
				SetLoadedEditorAssemblies (1ms)
				RefreshPlugins (1ms)
				BeforeProcessingInitializeOnLoad (75ms)
				ProcessInitializeOnLoadAttributes (187ms)
				ProcessInitializeOnLoadMethodAttributes (11ms)
				AfterProcessingInitializeOnLoad (2ms)
				EditorAssembliesLoaded (0ms)
			ExecutionOrderSort2 (0ms)
			AwakeInstancesAfterBackupRestoration (8ms)
Platform modules already initialized, skipping
Refreshing native plugins compatible for Editor in 0.54 ms, found 3 plugins.
Preloading 0 native plugins for Editor in 0.00 ms.
Unloading 2271 Unused Serialized files (Serialized files now loaded: 0)
System memory in use before: 102.3 MB.
System memory in use after: 102.5 MB.

Unloading 14 unused Assets to reduce memory usage. Loaded Objects now: 2783.
Total: 2.787400 ms (FindLiveObjects: 0.205400 ms CreateObjectMapping: 0.127500 ms MarkObjects: 2.437000 ms  DeleteObjects: 0.016400 ms)

AssetImportParameters requested are different than current active one (requested -> active):
  custom:framework-win-MediaFoundation: 216162199b28c13a410421893ffa2e32 -> 
  custom:video-decoder-ogg-theora: a1e56fd34408186e4bbccfd4996cb3dc -> 
  custom:container-muxer-webm: aa71ff27fc2769a1b78a27578f13a17b -> 
  custom:container-demuxer-webm: 4f35f7cbe854078d1ac9338744f61a02 -> 
  custom:container-demuxer-ogg: 62fdf1f143b41e24485cea50d1cbac27 -> 
  custom:video-encoder-webm-vp8: eb34c28f22e8b96e1ab97ce403110664 -> 
  custom:video-decoder-webm-vp8: 9c59270c3fd7afecdb556c50c9e8de78 -> 
  custom:audio-decoder-ogg-vorbis: bf7c407c2cedff20999df2af8eb42d56 -> 
  custom:audio-encoder-webm-vorbis: bf7c407c2cedff20999df2af8eb42d56 -> 
========================================================================
Received Prepare
Registering precompiled user dll's ...
Registered in 0.003274 seconds.
Begin MonoManager ReloadAssembly
Native extension for WindowsStandalone target not found
Refreshing native plugins compatible for Editor in 0.49 ms, found 3 plugins.
Preloading 0 native plugins for Editor in 0.00 ms.
Mono: successfully reloaded assembly
- Completed reload, in  0.922 seconds
Domain Reload Profiling:
	ReloadAssembly (923ms)
		BeginReloadAssembly (115ms)
			ExecutionOrderSort (0ms)
			DisableScriptedObjects (6ms)
			BackupInstance (0ms)
			ReleaseScriptingObjects (0ms)
			CreateAndSetChildDomain (28ms)
		EndReloadAssembly (756ms)
			LoadAssemblies (103ms)
			RebuildTransferFunctionScriptingTraits (0ms)
			SetupTypeCache (269ms)
			ReleaseScriptCaches (1ms)
			RebuildScriptCaches (40ms)
			SetupLoadedEditorAssemblies (271ms)
				LogAssemblyErrors (0ms)
				InitializePlatformSupportModulesInManaged (4ms)
				SetLoadedEditorAssemblies (0ms)
				RefreshPlugins (1ms)
				BeforeProcessingInitializeOnLoad (73ms)
				ProcessInitializeOnLoadAttributes (180ms)
				ProcessInitializeOnLoadMethodAttributes (11ms)
				AfterProcessingInitializeOnLoad (2ms)
				EditorAssembliesLoaded (0ms)
			ExecutionOrderSort2 (0ms)
			AwakeInstancesAfterBackupRestoration (8ms)
Platform modules already initialized, skipping
Refreshing native plugins compatible for Editor in 0.54 ms, found 3 plugins.
Preloading 0 native plugins for Editor in 0.00 ms.
Unloading 2271 Unused Serialized files (Serialized files now loaded: 0)
System memory in use before: 102.3 MB.
System memory in use after: 102.5 MB.

Unloading 14 unused Assets to reduce memory usage. Loaded Objects now: 2786.
Total: 2.705100 ms (FindLiveObjects: 0.199400 ms CreateObjectMapping: 0.132400 ms MarkObjects: 2.356500 ms  DeleteObjects: 0.015500 ms)

AssetImportParameters requested are different than current active one (requested -> active):
  custom:framework-win-MediaFoundation: 216162199b28c13a410421893ffa2e32 -> 
  custom:video-decoder-ogg-theora: a1e56fd34408186e4bbccfd4996cb3dc -> 
  custom:container-muxer-webm: aa71ff27fc2769a1b78a27578f13a17b -> 
  custom:container-demuxer-webm: 4f35f7cbe854078d1ac9338744f61a02 -> 
  custom:container-demuxer-ogg: 62fdf1f143b41e24485cea50d1cbac27 -> 
  custom:video-encoder-webm-vp8: eb34c28f22e8b96e1ab97ce403110664 -> 
  custom:video-decoder-webm-vp8: 9c59270c3fd7afecdb556c50c9e8de78 -> 
  custom:audio-decoder-ogg-vorbis: bf7c407c2cedff20999df2af8eb42d56 -> 
  custom:audio-encoder-webm-vorbis: bf7c407c2cedff20999df2af8eb42d56 -> 
========================================================================
Received Import Request.
  Time since last request: 43.066164 seconds.
  path: ProjectSettings/TagManager.asset
  artifactKey: Guid(00000000000000003000000000000000) Importer(815301076,1909f56bfc062723c751e8b465ee728b)
Start importing ProjectSettings/TagManager.asset using Guid(00000000000000003000000000000000) Importer(815301076,1909f56bfc062723c751e8b465ee728b)  -> (artifact id: '896bbe8224175702b0f3636b382b3e3c') in 0.021663 seconds 
  Import took 0.025202 seconds .

========================================================================
Received Import Request.
  Time since last request: 0.000215 seconds.
  path: Assets/Resources/Mob_Berserker.prefab
  artifactKey: Guid(2e223d1c1957512469853af7b930d517) Importer(815301076,1909f56bfc062723c751e8b465ee728b)
Start importing Assets/Resources/Mob_Berserker.prefab using Guid(2e223d1c1957512469853af7b930d517) Importer(815301076,1909f56bfc062723c751e8b465ee728b)  -> (artifact id: 'e465831a234875c02774196394f6d09f') in 0.043835 seconds 
  Import took 0.047412 seconds .

========================================================================
Received Import Request.
  Time since last request: 41.864103 seconds.
  path: ProjectSettings/TagManager.asset
  artifactKey: Guid(00000000000000003000000000000000) Importer(815301076,1909f56bfc062723c751e8b465ee728b)
Start importing ProjectSettings/TagManager.asset using Guid(00000000000000003000000000000000) Importer(815301076,1909f56bfc062723c751e8b465ee728b)  -> (artifact id: '2edab67f42ab2fd9c7c8f50867fedfd4') in 0.002951 seconds 
  Import took 0.007332 seconds .

========================================================================
Received Import Request.
  Time since last request: 7.835208 seconds.
  path: Assets/Resources/Mob_Berserker.prefab
  artifactKey: Guid(2e223d1c1957512469853af7b930d517) Importer(815301076,1909f56bfc062723c751e8b465ee728b)
Start importing Assets/Resources/Mob_Berserker.prefab using Guid(2e223d1c1957512469853af7b930d517) Importer(815301076,1909f56bfc062723c751e8b465ee728b)  -> (artifact id: 'f2d68c3190cc7270443863cdbf554191') in 0.010372 seconds 
  Import took 0.014440 seconds .

========================================================================
Received Import Request.
  Time since last request: 2.252932 seconds.
  path: Assets/Resources/Mob_Ranged.prefab
  artifactKey: Guid(01aa3706e87e8db4ba75ce7d191de346) Importer(815301076,1909f56bfc062723c751e8b465ee728b)
Start importing Assets/Resources/Mob_Ranged.prefab using Guid(01aa3706e87e8db4ba75ce7d191de346) Importer(815301076,1909f56bfc062723c751e8b465ee728b)  -> (artifact id: '8c9028b408cefe8616f352bf778a1f4c') in 0.013592 seconds 
  Import took 0.017760 seconds .

========================================================================
Received Prepare
Registering precompiled user dll's ...
Registered in 0.003594 seconds.
Begin MonoManager ReloadAssembly
Native extension for WindowsStandalone target not found
Refreshing native plugins compatible for Editor in 0.48 ms, found 3 plugins.
Preloading 0 native plugins for Editor in 0.00 ms.
Mono: successfully reloaded assembly
- Completed reload, in  0.923 seconds
Domain Reload Profiling:
	ReloadAssembly (923ms)
		BeginReloadAssembly (114ms)
			ExecutionOrderSort (0ms)
			DisableScriptedObjects (5ms)
			BackupInstance (0ms)
			ReleaseScriptingObjects (0ms)
			CreateAndSetChildDomain (30ms)
		EndReloadAssembly (759ms)
			LoadAssemblies (107ms)
			RebuildTransferFunctionScriptingTraits (0ms)
			SetupTypeCache (266ms)
			ReleaseScriptCaches (1ms)
			RebuildScriptCaches (39ms)
			SetupLoadedEditorAssemblies (269ms)
				LogAssemblyErrors (0ms)
				InitializePlatformSupportModulesInManaged (4ms)
				SetLoadedEditorAssemblies (0ms)
				RefreshPlugins (1ms)
				BeforeProcessingInitializeOnLoad (73ms)
				ProcessInitializeOnLoadAttributes (178ms)
				ProcessInitializeOnLoadMethodAttributes (11ms)
				AfterProcessingInitializeOnLoad (2ms)
				EditorAssembliesLoaded (0ms)
			ExecutionOrderSort2 (0ms)
			AwakeInstancesAfterBackupRestoration (8ms)
Platform modules already initialized, skipping
Refreshing native plugins compatible for Editor in 0.47 ms, found 3 plugins.
Preloading 0 native plugins for Editor in 0.00 ms.
Unloading 2271 Unused Serialized files (Serialized files now loaded: 0)
System memory in use before: 102.3 MB.
System memory in use after: 102.6 MB.

Unloading 16 unused Assets to reduce memory usage. Loaded Objects now: 2790.
Total: 2.984000 ms (FindLiveObjects: 0.193200 ms CreateObjectMapping: 0.113300 ms MarkObjects: 2.656700 ms  DeleteObjects: 0.019600 ms)

AssetImportParameters requested are different than current active one (requested -> active):
  custom:framework-win-MediaFoundation: 216162199b28c13a410421893ffa2e32 -> 
  custom:video-decoder-ogg-theora: a1e56fd34408186e4bbccfd4996cb3dc -> 
  custom:container-muxer-webm: aa71ff27fc2769a1b78a27578f13a17b -> 
  custom:container-demuxer-webm: 4f35f7cbe854078d1ac9338744f61a02 -> 
  custom:container-demuxer-ogg: 62fdf1f143b41e24485cea50d1cbac27 -> 
  custom:video-encoder-webm-vp8: eb34c28f22e8b96e1ab97ce403110664 -> 
  custom:video-decoder-webm-vp8: 9c59270c3fd7afecdb556c50c9e8de78 -> 
  custom:audio-decoder-ogg-vorbis: bf7c407c2cedff20999df2af8eb42d56 -> 
  custom:audio-encoder-webm-vorbis: bf7c407c2cedff20999df2af8eb42d56 -> 
AssetImportWorkerClient::OnTransportError - code=2 error=End of file
